<?xml version="1.0" encoding="UTF-8"?>
<!-- Generated by org.testng.reporters.JUnitReportReporter -->
<testsuite hostname="WINDOWS-QNEDBQ8" failures="0" tests="2" name="tespkg.Testcls" time="8.682" errors="0" timestamp="2024-06-13T19:01:31 IST" skipped="1">
  <testcase classname="tespkg.Testcls" name="items" time="8.682"/>
  <testcase classname="tespkg.Testcls" name="test">
    <skipped/>
  </testcase> <!-- test -->
</testsuite> <!-- tespkg.Testcls -->
